<?xml version="1.0" encoding="UTF-8"?>
<!-- Generated by org.testng.reporters.JUnitReportReporter -->
<testsuite hostname="DESKTOP-H23TMEE" failures="0" tests="8" name="automation.TestExecution" time="9.684" errors="0" timestamp="2023-01-18T14:23:13 CST" skipped="0">
  <testcase classname="automation.TestExecution" name="openBrowserToGoogleStartPage" time="3.483"/>
  <system-out/>
  <testcase classname="automation.TestExecution" name="searchFocusServices" time="1.891"/>
  <system-out/>
  <testcase classname="automation.TestExecution" name="verifyIfFocusURLExistsInSearch" time="1.508"/>
  <system-out/>
  <testcase classname="automation.TestExecution" name="verifyIfNowHiringButtonxists" time="0.043"/>
  <system-out/>
  <testcase classname="automation.TestExecution" name="clickOnLocationsTab" time="2.069"/>
  <system-out/>
  <testcase classname="automation.TestExecution" name="assertNorthAmericaLink" time="0.049"/>
  <system-out/>
  <testcase classname="automation.TestExecution" name="validateCentralAmericaLocation" time="0.428"/>
  <system-out/>
  <testcase classname="automation.TestExecution" name="validateAsiaLocation" time="0.213"/>
  <system-out/>
</testsuite> <!-- automation.TestExecution -->
